2019-10-19T19:02:36.696Z info: Lectura del archivo finalizada
2019-10-19T19:18:00.026Z info: Lectura del archivo finalizada
2019-10-19T19:18:00.351Z error: Cannot read property 'estado' of undefined
2019-10-19T19:29:00.025Z info: Lectura del archivo finalizada
2019-10-19T19:32:00.026Z info: Lectura del archivo finalizada
2019-10-19T19:32:00.397Z info: Enviando mail
2019-10-19T19:32:00.399Z info: Enviando mail
2019-10-19T19:32:00.400Z info: Enviando mail
2019-10-19T19:32:00.454Z info: Enviando mail
2019-10-19T19:32:00.455Z info: Enviando mail
2019-10-19T19:37:00.017Z info: Lectura del archivo finalizada
2019-10-19T19:39:00.021Z info: Lectura del archivo finalizada
2019-10-19T19:39:00.024Z info: No tiene errores
2019-10-19T19:39:00.024Z info: fecha =>20191019_16390
2019-10-19T19:39:00.082Z info: Enviando mail
2019-10-19T20:39:00.018Z info: Lectura del archivo finalizada
2019-10-19T20:39:00.020Z info: No tiene errores
2019-10-19T20:39:00.020Z info: fecha =>20191019_17390
2019-10-19T20:39:00.101Z info: Enviando mail
2019-10-19T22:21:00.021Z info: Lectura del archivo finalizada
2019-10-19T22:21:00.023Z info: No tiene errores
2019-10-19T22:21:00.024Z info: fecha =>20191019_19210
2019-10-19T22:21:00.127Z info: Enviando mail
2019-10-19T22:29:00.013Z info: Lectura del archivo finalizada
2019-10-19T22:29:00.061Z info: Enviando mail
2019-10-19T22:34:00.014Z info: Lectura del archivo finalizada
